<?xml version="1.0" encoding="UTF-8"?>
<!-- Generated by org.testng.reporters.JUnitXMLReporter -->
<testsuite hostname="DESKTOP-MI5D1LI" ignored="0" name="Smoke" tests="3" failures="0" timestamp="01 Nov 2019 13:02:11 GMT" time="32.864" errors="0">
  <testcase name="LaunchFlipkart" time="32.641" classname="BasicPackage.BaseClass"/>
  <testcase name="getTitleFlipkart" time="0.116" classname="BasicPackage.BaseClass"/>
  <testcase name="getCurrentUrl" time="0.012" classname="BasicPackage.BaseClass"/>
</testsuite> <!-- Smoke -->
