<?xml version="1.0" encoding="UTF-8"?>
<!-- Generated by org.testng.reporters.JUnitXMLReporter -->
<testsuite hostname="DESKTOP-MI5D1LI" ignored="0" name="Default test" tests="3" failures="0" timestamp="01 Nov 2019 12:42:06 GMT" time="12.427" errors="0">
  <testcase name="LaunchFlipkart" time="12.289" classname="BasicPackage.BaseClass"/>
  <testcase name="getTitleFlipkart" time="0.045" classname="BasicPackage.BaseClass"/>
  <testcase name="getCurrentUrl" time="0.022" classname="BasicPackage.BaseClass"/>
</testsuite> <!-- Default test -->
