<?xml version="1.0" encoding="UTF-8"?>
<testng-results skipped="0" failed="0" ignored="0" total="3" passed="3">
  <reporter-output>
  </reporter-output>
  <suite name="Flipkart" duration-ms="32864" started-at="2019-11-01T13:01:35Z" finished-at="2019-11-01T13:02:08Z">
    <groups>
    </groups>
    <test name="Smoke" duration-ms="32864" started-at="2019-11-01T13:01:35Z" finished-at="2019-11-01T13:02:08Z">
      <class name="BasicPackage.BaseClass">
        <test-method status="PASS" signature="LaunchFlipkart()[pri:1, instance:BasicPackage.BaseClass@2a2d45ba]" name="LaunchFlipkart" duration-ms="32641" started-at="2019-11-01T13:01:35Z" finished-at="2019-11-01T13:02:08Z">
          <reporter-output>
          </reporter-output>
        </test-method> <!-- LaunchFlipkart -->
        <test-method status="PASS" signature="getTitleFlipkart()[pri:2, instance:BasicPackage.BaseClass@2a2d45ba]" name="getTitleFlipkart" duration-ms="116" started-at="2019-11-01T13:02:08Z" finished-at="2019-11-01T13:02:08Z">
          <reporter-output>
          </reporter-output>
        </test-method> <!-- getTitleFlipkart -->
        <test-method status="PASS" signature="getCurrentUrl()[pri:3, instance:BasicPackage.BaseClass@2a2d45ba]" name="getCurrentUrl" duration-ms="12" started-at="2019-11-01T13:02:08Z" finished-at="2019-11-01T13:02:08Z">
          <reporter-output>
          </reporter-output>
        </test-method> <!-- getCurrentUrl -->
      </class> <!-- BasicPackage.BaseClass -->
    </test> <!-- Smoke -->
  </suite> <!-- Flipkart -->
</testng-results>
